<?xml version="1.0" encoding="UTF-8"?>
<!-- Generated by org.testng.reporters.JUnitReportReporter -->
<testsuite hostname="HEMANTH-VASANTHA1998" failures="0" tests="2" name="testNGPractice.Demo" time="0.010" errors="0" timestamp="2022-09-21T16:29:02 IST" skipped="0">
  <testcase classname="testNGPractice.Demo" name="testMethod2" time="0.005"/>
  <system-out/>
  <testcase classname="testNGPractice.Demo" name="testMethod1" time="0.005"/>
  <system-out/>
</testsuite> <!-- testNGPractice.Demo -->
